14:00:52.183 [TestNG-tests-2] INFO  testCases.TC001_AccountRegistrationTest - ******Starting TC001_AccountRegistrationTest ****
14:00:52.480 [TestNG-tests-2] INFO  testCases.TC001_AccountRegistrationTest - Clicked on my Account
14:00:53.075 [TestNG-tests-2] INFO  testCases.TC001_AccountRegistrationTest - Clicked on Register
14:00:53.075 [TestNG-tests-2] INFO  testCases.TC001_AccountRegistrationTest - Providing Customer Details....
14:01:38.390 [main] DEBUG org.testng.TestNG - suiteXmlPath: "C:\Users\manikanta\eclipse-workspace\OpenCart-V4.1.0.3\src\test\java\testCases\crossbrowsingtetsing.xml"
14:01:42.075 [TestNG-tests-3] INFO  testCases.TC001_AccountRegistrationTest - ******Starting TC001_AccountRegistrationTest ****
14:01:42.083 [TestNG-tests-1] INFO  testCases.TC001_AccountRegistrationTest - ******Starting TC001_AccountRegistrationTest ****
14:01:42.221 [TestNG-tests-1] INFO  testCases.TC001_AccountRegistrationTest - Clicked on my Account
14:01:42.291 [TestNG-tests-3] INFO  testCases.TC001_AccountRegistrationTest - Clicked on my Account
14:01:45.514 [TestNG-tests-2] INFO  testCases.TC001_AccountRegistrationTest - ******Starting TC001_AccountRegistrationTest ****
14:01:45.671 [TestNG-tests-2] INFO  testCases.TC001_AccountRegistrationTest - Clicked on my Account
14:01:46.189 [TestNG-tests-2] INFO  testCases.TC001_AccountRegistrationTest - Clicked on Register
14:01:46.191 [TestNG-tests-2] INFO  testCases.TC001_AccountRegistrationTest - Providing Customer Details....
14:03:10.074 [main] DEBUG org.testng.TestNG - suiteXmlPath: "C:\Users\manikanta\eclipse-workspace\OpenCart-V4.1.0.3\src\test\java\testCases\Master.xml"
14:03:12.711 [TestNG-tests-1] INFO  testCases.TC001_AccountRegistrationTest - ******Starting TC001_AccountRegistrationTest ****
14:03:12.899 [TestNG-tests-1] INFO  testCases.TC001_AccountRegistrationTest - Clicked on my Account
14:03:13.539 [TestNG-tests-1] INFO  testCases.TC001_AccountRegistrationTest - Clicked on Register
14:03:13.541 [TestNG-tests-1] INFO  testCases.TC001_AccountRegistrationTest - Providing Customer Details....
14:03:28.080 [TestNG-tests-1] INFO  testCases.TC001_AccountRegistrationTest - Validating Expected Message.... 
14:03:33.676 [TestNG-tests-1] INFO  testCases.TC001_AccountRegistrationTest - ******Finished TC001_AccountRegistrationTest ****
14:03:35.436 [TestNG-tests-1] INFO  testCases.TC002_LoginTest - *** Started TC002_LoginTest ***
14:03:39.315 [TestNG-tests-1] INFO  testCases.TC002_LoginTest - *** Logged to My account ***
14:03:44.369 [TestNG-tests-1] INFO  testCases.TC002_LoginTest - **** Finished TC002_LoginTest  **** 
